<?xml version="1.0" encoding="UTF-8"?>
<!-- Generated by org.testng.reporters.JUnitReportReporter -->
<testsuite skipped="0" hostname="ACER-PC" name="package1.one" tests="2" failures="0" timestamp="22 May 2018 06:37:02 GMT" time="0.020" errors="0">
  <testcase name="m2" time="0.002" classname="package1.one"/>
  <testcase name="m1" time="0.018" classname="package1.one"/>
</testsuite> <!-- package1.one -->
