<?xml version="1.0" encoding="UTF-8"?>
<!-- Generated by org.testng.reporters.JUnitReportReporter -->
<testsuite skipped="0" hostname="ACER-PC" name="package1.one" tests="2" failures="0" timestamp="22 May 2018 06:53:03 GMT" time="0.010" errors="0">
  <testcase name="m1" time="0.010" classname="package1.one"/>
  <testcase name="m2" time="0.000" classname="package1.one"/>
</testsuite> <!-- package1.one -->
